<?xml version="1.0" encoding="UTF-8"?>
<!-- Generated by org.testng.reporters.JUnitXMLReporter -->
<testsuite hostname="D-184000435" name="Test" tests="9" failures="1" timestamp="15 Feb 2018 06:33:49 GMT" time="138.737" errors="0">
  <testcase name="@AfterClass Logout" time="0.0" classname="com.wipro.opencart.TC01Opencart">
    <failure type="org.openqa.selenium.NoSuchElementException" message="no such element: Unable to locate element: {&amp;quot;method&amp;quot;:&amp;quot;link text&amp;quot;,&amp;quot;selector&amp;quot;:&amp;quot;Logout&amp;quot;}
  (Session info: chrome=64.0.3282.167)
  (Driver info: chromedriver=2.33.506120 (e3e53437346286c0bc2d2dc9aa4915ba81d9023f),platform=Windows NT 10.0.14393 x86_64) (WARNING: The server did not provide any stacktrace information)
Command duration or timeout: 30.02 seconds
For documentation on this error, please visit: http://seleniumhq.org/exceptions/no_such_element.html
Build info: version: &amp;apos;3.4.0&amp;apos;, revision: &amp;apos;unknown&amp;apos;, time: &amp;apos;unknown&amp;apos;
System info: host: &amp;apos;D-184000435&amp;apos;, ip: &amp;apos;10.159.34.70&amp;apos;, os.name: &amp;apos;Windows 10&amp;apos;, os.arch: &amp;apos;amd64&amp;apos;, os.version: &amp;apos;10.0&amp;apos;, java.version: &amp;apos;1.8.0_121&amp;apos;
Driver info: org.openqa.selenium.chrome.ChromeDriver
Capabilities [{applicationCacheEnabled=false, rotatable=false, mobileEmulationEnabled=false, networkConnectionEnabled=false, chrome={chromedriverVersion=2.33.506120 (e3e53437346286c0bc2d2dc9aa4915ba81d9023f), userDataDir=C:\Users\an247684\AppData\Local\Temp\scoped_dir8080_11611}, takesHeapSnapshot=true, pageLoadStrategy=normal, databaseEnabled=false, handlesAlerts=true, hasTouchScreen=false, version=64.0.3282.167, platform=XP, browserConnectionEnabled=false, nativeEvents=true, acceptSslCerts=true, locationContextEnabled=true, webStorageEnabled=true, browserName=chrome, takesScreenshot=true, javascriptEnabled=true, cssSelectorsEnabled=true, setWindowRect=true, unexpectedAlertBehaviour=}]
Session ID: f1fbe04f0c555493b112db29bbc01983
*** Element info: {Using=link text, value=Logout}">
      <![CDATA[org.openqa.selenium.NoSuchElementException: no such element: Unable to locate element: {"method":"link text","selector":"Logout"}
  (Session info: chrome=64.0.3282.167)
  (Driver info: chromedriver=2.33.506120 (e3e53437346286c0bc2d2dc9aa4915ba81d9023f),platform=Windows NT 10.0.14393 x86_64) (WARNING: The server did not provide any stacktrace information)
Command duration or timeout: 30.02 seconds
For documentation on this error, please visit: http://seleniumhq.org/exceptions/no_such_element.html
Build info: version: '3.4.0', revision: 'unknown', time: 'unknown'
System info: host: 'D-184000435', ip: '10.159.34.70', os.name: 'Windows 10', os.arch: 'amd64', os.version: '10.0', java.version: '1.8.0_121'
Driver info: org.openqa.selenium.chrome.ChromeDriver
Capabilities [{applicationCacheEnabled=false, rotatable=false, mobileEmulationEnabled=false, networkConnectionEnabled=false, chrome={chromedriverVersion=2.33.506120 (e3e53437346286c0bc2d2dc9aa4915ba81d9023f), userDataDir=C:\Users\an247684\AppData\Local\Temp\scoped_dir8080_11611}, takesHeapSnapshot=true, pageLoadStrategy=normal, databaseEnabled=false, handlesAlerts=true, hasTouchScreen=false, version=64.0.3282.167, platform=XP, browserConnectionEnabled=false, nativeEvents=true, acceptSslCerts=true, locationContextEnabled=true, webStorageEnabled=true, browserName=chrome, takesScreenshot=true, javascriptEnabled=true, cssSelectorsEnabled=true, setWindowRect=true, unexpectedAlertBehaviour=}]
Session ID: f1fbe04f0c555493b112db29bbc01983
*** Element info: {Using=link text, value=Logout}
	at org.openqa.selenium.remote.ErrorHandler.createThrowable(ErrorHandler.java:215)
	at org.openqa.selenium.remote.ErrorHandler.throwIfResponseFailed(ErrorHandler.java:167)
	at org.openqa.selenium.remote.RemoteWebDriver.execute(RemoteWebDriver.java:671)
	at org.openqa.selenium.remote.RemoteWebDriver.findElement(RemoteWebDriver.java:410)
	at org.openqa.selenium.remote.RemoteWebDriver.findElementByLinkText(RemoteWebDriver.java:461)
	at org.openqa.selenium.By$ByLinkText.findElement(By.java:246)
	at org.openqa.selenium.remote.RemoteWebDriver.findElement(RemoteWebDriver.java:402)
	at com.wipro.opencart.TC01Opencart.Logout(TC01Opencart.java:324)
	at org.apache.maven.surefire.testng.TestNGExecutor.run(TestNGExecutor.java:283)
	at org.apache.maven.surefire.testng.TestNGXmlTestSuite.execute(TestNGXmlTestSuite.java:75)
	at org.apache.maven.surefire.testng.TestNGProvider.invoke(TestNGProvider.java:120)
	at org.apache.maven.surefire.booter.ForkedBooter.invokeProviderInSameClassLoader(ForkedBooter.java:373)
	at org.apache.maven.surefire.booter.ForkedBooter.runSuitesInProcess(ForkedBooter.java:334)
	at org.apache.maven.surefire.booter.ForkedBooter.execute(ForkedBooter.java:119)
	at org.apache.maven.surefire.booter.ForkedBooter.main(ForkedBooter.java:407)
... Removed 25 stack frames]]>
    </failure>
  </testcase> <!-- @AfterClass Logout -->
  <testcase name="@AfterClass endReport" time="0.0" classname="com.wipro.opencart.TC01Opencart">
    <skipped/>
  </testcase> <!-- @AfterClass endReport -->
  <testcase name="@BeforeClass startReport" time="0.0" classname="com.wipro.opencart.TC02Opencart">
    <skipped/>
  </testcase> <!-- @BeforeClass startReport -->
  <testcase name="@BeforeClass login" time="0.0" classname="com.wipro.opencart.TC02Opencart">
    <skipped/>
  </testcase> <!-- @BeforeClass login -->
  <testcase name="@AfterMethod getResult" time="0.0" classname="com.wipro.opencart.TC02Opencart">
    <skipped/>
  </testcase> <!-- @AfterMethod getResult -->
  <testcase name="@AfterMethod getResult" time="0.0" classname="com.wipro.opencart.TC02Opencart">
    <skipped/>
  </testcase> <!-- @AfterMethod getResult -->
  <testcase name="@AfterClass Logout" time="0.0" classname="com.wipro.opencart.TC02Opencart">
    <skipped/>
  </testcase> <!-- @AfterClass Logout -->
  <testcase name="@AfterClass endReport" time="0.0" classname="com.wipro.opencart.TC02Opencart">
    <skipped/>
  </testcase> <!-- @AfterClass endReport -->
  <testcase name="@BeforeClass startReport" time="0.0" classname="com.wipro.opencart.TC03Opencart">
    <skipped/>
  </testcase> <!-- @BeforeClass startReport -->
  <testcase name="@BeforeClass login" time="0.0" classname="com.wipro.opencart.TC03Opencart">
    <skipped/>
  </testcase> <!-- @BeforeClass login -->
  <testcase name="@AfterMethod getResult" time="0.0" classname="com.wipro.opencart.TC03Opencart">
    <skipped/>
  </testcase> <!-- @AfterMethod getResult -->
  <testcase name="@AfterClass Logout" time="0.0" classname="com.wipro.opencart.TC03Opencart">
    <skipped/>
  </testcase> <!-- @AfterClass Logout -->
  <testcase name="@AfterClass endReport" time="0.0" classname="com.wipro.opencart.TC03Opencart">
    <skipped/>
  </testcase> <!-- @AfterClass endReport -->
  <testcase name="@BeforeClass startReport" time="0.0" classname="com.wipro.opencart.TC04Opencart">
    <skipped/>
  </testcase> <!-- @BeforeClass startReport -->
  <testcase name="@BeforeClass login" time="0.0" classname="com.wipro.opencart.TC04Opencart">
    <skipped/>
  </testcase> <!-- @BeforeClass login -->
  <testcase name="@AfterMethod getResult" time="0.0" classname="com.wipro.opencart.TC04Opencart">
    <skipped/>
  </testcase> <!-- @AfterMethod getResult -->
  <testcase name="@AfterClass Logout1" time="0.0" classname="com.wipro.opencart.TC04Opencart">
    <skipped/>
  </testcase> <!-- @AfterClass Logout1 -->
  <testcase name="@AfterClass endReport" time="0.0" classname="com.wipro.opencart.TC04Opencart">
    <skipped/>
  </testcase> <!-- @AfterClass endReport -->
  <testcase name="ExcelPrinting" time="4.139" classname="com.wipro.opencart.TC01Opencart"/>
  <testcase name="SamsungTab" time="3.975" classname="com.wipro.opencart.TC01Opencart"/>
  <testcase name="ReviewPrinting" time="16.78" classname="com.wipro.opencart.TC01Opencart"/>
  <testcase name="ReviewPrinting" time="18.282" classname="com.wipro.opencart.TC01Opencart"/>
  <testcase name="AddToCart" time="42.61" classname="com.wipro.opencart.TC01Opencart">
    <failure type="org.openqa.selenium.NoSuchElementException" message="no such element: Unable to locate element: {&amp;quot;method&amp;quot;:&amp;quot;xpath&amp;quot;,&amp;quot;selector&amp;quot;:&amp;quot;.//*[@id=&amp;apos;wishlist-row49&amp;apos;]/tr/td[5]/div&amp;quot;}
  (Session info: chrome=64.0.3282.167)
  (Driver info: chromedriver=2.33.506120 (e3e53437346286c0bc2d2dc9aa4915ba81d9023f),platform=Windows NT 10.0.14393 x86_64) (WARNING: The server did not provide any stacktrace information)
Command duration or timeout: 30.06 seconds
For documentation on this error, please visit: http://seleniumhq.org/exceptions/no_such_element.html
Build info: version: &amp;apos;3.4.0&amp;apos;, revision: &amp;apos;unknown&amp;apos;, time: &amp;apos;unknown&amp;apos;
System info: host: &amp;apos;D-184000435&amp;apos;, ip: &amp;apos;10.159.34.70&amp;apos;, os.name: &amp;apos;Windows 10&amp;apos;, os.arch: &amp;apos;amd64&amp;apos;, os.version: &amp;apos;10.0&amp;apos;, java.version: &amp;apos;1.8.0_121&amp;apos;
Driver info: org.openqa.selenium.chrome.ChromeDriver
Capabilities [{applicationCacheEnabled=false, rotatable=false, mobileEmulationEnabled=false, networkConnectionEnabled=false, chrome={chromedriverVersion=2.33.506120 (e3e53437346286c0bc2d2dc9aa4915ba81d9023f), userDataDir=C:\Users\an247684\AppData\Local\Temp\scoped_dir8080_11611}, takesHeapSnapshot=true, pageLoadStrategy=normal, databaseEnabled=false, handlesAlerts=true, hasTouchScreen=false, version=64.0.3282.167, platform=XP, browserConnectionEnabled=false, nativeEvents=true, acceptSslCerts=true, locationContextEnabled=true, webStorageEnabled=true, browserName=chrome, takesScreenshot=true, javascriptEnabled=true, cssSelectorsEnabled=true, setWindowRect=true, unexpectedAlertBehaviour=}]
Session ID: f1fbe04f0c555493b112db29bbc01983
*** Element info: {Using=xpath, value=.//*[@id=&amp;apos;wishlist-row49&amp;apos;]/tr/td[5]/div}">
      <![CDATA[org.openqa.selenium.NoSuchElementException: no such element: Unable to locate element: {"method":"xpath","selector":".//*[@id='wishlist-row49']/tr/td[5]/div"}
  (Session info: chrome=64.0.3282.167)
  (Driver info: chromedriver=2.33.506120 (e3e53437346286c0bc2d2dc9aa4915ba81d9023f),platform=Windows NT 10.0.14393 x86_64) (WARNING: The server did not provide any stacktrace information)
Command duration or timeout: 30.06 seconds
For documentation on this error, please visit: http://seleniumhq.org/exceptions/no_such_element.html
Build info: version: '3.4.0', revision: 'unknown', time: 'unknown'
System info: host: 'D-184000435', ip: '10.159.34.70', os.name: 'Windows 10', os.arch: 'amd64', os.version: '10.0', java.version: '1.8.0_121'
Driver info: org.openqa.selenium.chrome.ChromeDriver
Capabilities [{applicationCacheEnabled=false, rotatable=false, mobileEmulationEnabled=false, networkConnectionEnabled=false, chrome={chromedriverVersion=2.33.506120 (e3e53437346286c0bc2d2dc9aa4915ba81d9023f), userDataDir=C:\Users\an247684\AppData\Local\Temp\scoped_dir8080_11611}, takesHeapSnapshot=true, pageLoadStrategy=normal, databaseEnabled=false, handlesAlerts=true, hasTouchScreen=false, version=64.0.3282.167, platform=XP, browserConnectionEnabled=false, nativeEvents=true, acceptSslCerts=true, locationContextEnabled=true, webStorageEnabled=true, browserName=chrome, takesScreenshot=true, javascriptEnabled=true, cssSelectorsEnabled=true, setWindowRect=true, unexpectedAlertBehaviour=}]
Session ID: f1fbe04f0c555493b112db29bbc01983
*** Element info: {Using=xpath, value=.//*[@id='wishlist-row49']/tr/td[5]/div}
	at org.openqa.selenium.remote.ErrorHandler.createThrowable(ErrorHandler.java:215)
	at org.openqa.selenium.remote.ErrorHandler.throwIfResponseFailed(ErrorHandler.java:167)
	at org.openqa.selenium.remote.RemoteWebDriver.execute(RemoteWebDriver.java:671)
	at org.openqa.selenium.remote.RemoteWebDriver.findElement(RemoteWebDriver.java:410)
	at org.openqa.selenium.remote.RemoteWebDriver.findElementByXPath(RemoteWebDriver.java:509)
	at org.openqa.selenium.By$ByXPath.findElement(By.java:361)
	at org.openqa.selenium.remote.RemoteWebDriver.findElement(RemoteWebDriver.java:402)
	at com.wipro.opencart.TC01Opencart.AddToCart(TC01Opencart.java:284)
	at org.apache.maven.surefire.testng.TestNGExecutor.run(TestNGExecutor.java:283)
	at org.apache.maven.surefire.testng.TestNGXmlTestSuite.execute(TestNGXmlTestSuite.java:75)
	at org.apache.maven.surefire.testng.TestNGProvider.invoke(TestNGProvider.java:120)
	at org.apache.maven.surefire.booter.ForkedBooter.invokeProviderInSameClassLoader(ForkedBooter.java:373)
	at org.apache.maven.surefire.booter.ForkedBooter.runSuitesInProcess(ForkedBooter.java:334)
	at org.apache.maven.surefire.booter.ForkedBooter.execute(ForkedBooter.java:119)
	at org.apache.maven.surefire.booter.ForkedBooter.main(ForkedBooter.java:407)
... Removed 25 stack frames]]>
    </failure>
  </testcase> <!-- AddToCart -->
  <testcase name="Search" time="0.001" classname="com.wipro.opencart.TC02Opencart">
    <skipped/>
  </testcase> <!-- Search -->
  <testcase name="ProductComparision" time="0.001" classname="com.wipro.opencart.TC02Opencart">
    <skipped/>
  </testcase> <!-- ProductComparision -->
  <testcase name="AddPhones" time="0.0" classname="com.wipro.opencart.TC03Opencart">
    <skipped/>
  </testcase> <!-- AddPhones -->
  <testcase name="Featured" time="0.001" classname="com.wipro.opencart.TC04Opencart">
    <skipped/>
  </testcase> <!-- Featured -->
</testsuite> <!-- Test -->
