<?xml version="1.0" encoding="UTF-8"?>
<testng-results skipped="4" failed="1" total="9" passed="4">
  <reporter-output>
  </reporter-output>
  <suite name="Suite" duration-ms="138737" started-at="2018-02-15T06:31:31Z" finished-at="2018-02-15T06:33:49Z">
    <groups>
    </groups>
    <test name="Test" duration-ms="138737" started-at="2018-02-15T06:31:31Z" finished-at="2018-02-15T06:33:49Z">
      <class name="com.wipro.opencart.TC04Opencart">
        <test-method status="SKIP" signature="startReport()[pri:0, instance:com.wipro.opencart.TC04Opencart@5afa04c]" name="startReport" is-config="true" duration-ms="0" started-at="2018-02-15T12:03:49Z" finished-at="2018-02-15T12:03:49Z">
          <reporter-output>
          </reporter-output>
        </test-method> <!-- startReport -->
        <test-method status="SKIP" signature="login()[pri:0, instance:com.wipro.opencart.TC04Opencart@5afa04c]" name="login" is-config="true" duration-ms="0" started-at="2018-02-15T12:03:49Z" finished-at="2018-02-15T12:03:49Z">
          <reporter-output>
          </reporter-output>
        </test-method> <!-- login -->
        <test-method status="SKIP" signature="Featured()[pri:0, instance:com.wipro.opencart.TC04Opencart@5afa04c]" name="Featured" duration-ms="1" started-at="2018-02-15T12:03:49Z" finished-at="2018-02-15T12:03:49Z">
          <reporter-output>
          </reporter-output>
        </test-method> <!-- Featured -->
        <test-method status="SKIP" signature="getResult(org.testng.ITestResult)[pri:0, instance:com.wipro.opencart.TC04Opencart@5afa04c]" name="getResult" is-config="true" duration-ms="0" started-at="2018-02-15T12:03:49Z" finished-at="2018-02-15T12:03:49Z">
          <reporter-output>
          </reporter-output>
        </test-method> <!-- getResult -->
        <test-method status="SKIP" signature="Logout1()[pri:0, instance:com.wipro.opencart.TC04Opencart@5afa04c]" name="Logout1" is-config="true" duration-ms="0" started-at="2018-02-15T12:03:49Z" finished-at="2018-02-15T12:03:49Z">
          <reporter-output>
          </reporter-output>
        </test-method> <!-- Logout1 -->
        <test-method status="SKIP" signature="endReport()[pri:0, instance:com.wipro.opencart.TC04Opencart@5afa04c]" name="endReport" is-config="true" duration-ms="0" started-at="2018-02-15T12:03:49Z" finished-at="2018-02-15T12:03:49Z">
          <reporter-output>
          </reporter-output>
        </test-method> <!-- endReport -->
      </class> <!-- com.wipro.opencart.TC04Opencart -->
      <class name="com.wipro.opencart.TC02Opencart">
        <test-method status="SKIP" signature="login()[pri:0, instance:com.wipro.opencart.TC02Opencart@13a57a3b]" name="login" is-config="true" duration-ms="0" started-at="2018-02-15T12:03:49Z" finished-at="2018-02-15T12:03:49Z">
          <reporter-output>
          </reporter-output>
        </test-method> <!-- login -->
        <test-method status="SKIP" signature="startReport()[pri:0, instance:com.wipro.opencart.TC02Opencart@13a57a3b]" name="startReport" is-config="true" duration-ms="0" started-at="2018-02-15T12:03:49Z" finished-at="2018-02-15T12:03:49Z">
          <reporter-output>
          </reporter-output>
        </test-method> <!-- startReport -->
        <test-method status="SKIP" signature="Search(java.lang.String)[pri:0, instance:com.wipro.opencart.TC02Opencart@13a57a3b]" name="Search" duration-ms="1" started-at="2018-02-15T12:03:49Z" data-provider="Search" finished-at="2018-02-15T12:03:49Z">
          <params>
            <param index="0">
              <value>
                <![CDATA[Apple]]>
              </value>
            </param>
          </params>
          <reporter-output>
          </reporter-output>
        </test-method> <!-- Search -->
        <test-method status="SKIP" signature="getResult(org.testng.ITestResult)[pri:0, instance:com.wipro.opencart.TC02Opencart@13a57a3b]" name="getResult" is-config="true" duration-ms="0" started-at="2018-02-15T12:03:49Z" finished-at="2018-02-15T12:03:49Z">
          <reporter-output>
          </reporter-output>
        </test-method> <!-- getResult -->
        <test-method status="SKIP" signature="ProductComparision()[pri:0, instance:com.wipro.opencart.TC02Opencart@13a57a3b]" name="ProductComparision" duration-ms="1" started-at="2018-02-15T12:03:49Z" finished-at="2018-02-15T12:03:49Z">
          <reporter-output>
          </reporter-output>
        </test-method> <!-- ProductComparision -->
        <test-method status="SKIP" signature="endReport()[pri:0, instance:com.wipro.opencart.TC02Opencart@13a57a3b]" name="endReport" is-config="true" duration-ms="0" started-at="2018-02-15T12:03:49Z" finished-at="2018-02-15T12:03:49Z">
          <reporter-output>
          </reporter-output>
        </test-method> <!-- endReport -->
        <test-method status="SKIP" signature="getResult(org.testng.ITestResult)[pri:0, instance:com.wipro.opencart.TC02Opencart@13a57a3b]" name="getResult" is-config="true" duration-ms="0" started-at="2018-02-15T12:03:49Z" finished-at="2018-02-15T12:03:49Z">
          <reporter-output>
          </reporter-output>
        </test-method> <!-- getResult -->
        <test-method status="SKIP" signature="Logout()[pri:0, instance:com.wipro.opencart.TC02Opencart@13a57a3b]" name="Logout" is-config="true" duration-ms="0" started-at="2018-02-15T12:03:49Z" finished-at="2018-02-15T12:03:49Z">
          <reporter-output>
          </reporter-output>
        </test-method> <!-- Logout -->
      </class> <!-- com.wipro.opencart.TC02Opencart -->
      <class name="com.wipro.opencart.TC03Opencart">
        <test-method status="SKIP" signature="startReport()[pri:0, instance:com.wipro.opencart.TC03Opencart@2344fc66]" name="startReport" is-config="true" duration-ms="0" started-at="2018-02-15T12:03:49Z" finished-at="2018-02-15T12:03:49Z">
          <reporter-output>
          </reporter-output>
        </test-method> <!-- startReport -->
        <test-method status="SKIP" signature="login()[pri:0, instance:com.wipro.opencart.TC03Opencart@2344fc66]" name="login" is-config="true" duration-ms="0" started-at="2018-02-15T12:03:49Z" finished-at="2018-02-15T12:03:49Z">
          <reporter-output>
          </reporter-output>
        </test-method> <!-- login -->
        <test-method status="SKIP" signature="Logout()[pri:0, instance:com.wipro.opencart.TC03Opencart@2344fc66]" name="Logout" is-config="true" duration-ms="0" started-at="2018-02-15T12:03:49Z" finished-at="2018-02-15T12:03:49Z">
          <reporter-output>
          </reporter-output>
        </test-method> <!-- Logout -->
        <test-method status="SKIP" signature="AddPhones()[pri:0, instance:com.wipro.opencart.TC03Opencart@2344fc66]" name="AddPhones" duration-ms="0" started-at="2018-02-15T12:03:49Z" finished-at="2018-02-15T12:03:49Z">
          <reporter-output>
          </reporter-output>
        </test-method> <!-- AddPhones -->
        <test-method status="SKIP" signature="getResult(org.testng.ITestResult)[pri:0, instance:com.wipro.opencart.TC03Opencart@2344fc66]" name="getResult" is-config="true" duration-ms="0" started-at="2018-02-15T12:03:49Z" finished-at="2018-02-15T12:03:49Z">
          <reporter-output>
          </reporter-output>
        </test-method> <!-- getResult -->
        <test-method status="SKIP" signature="endReport()[pri:0, instance:com.wipro.opencart.TC03Opencart@2344fc66]" name="endReport" is-config="true" duration-ms="0" started-at="2018-02-15T12:03:49Z" finished-at="2018-02-15T12:03:49Z">
          <reporter-output>
          </reporter-output>
        </test-method> <!-- endReport -->
      </class> <!-- com.wipro.opencart.TC03Opencart -->
      <class name="com.wipro.opencart.TC01Opencart">
        <test-method status="PASS" signature="startReport()[pri:0, instance:com.wipro.opencart.TC01Opencart@458ad742]" name="startReport" is-config="true" duration-ms="415" started-at="2018-02-15T12:01:31Z" finished-at="2018-02-15T12:01:31Z">
          <reporter-output>
          </reporter-output>
        </test-method> <!-- startReport -->
        <test-method status="PASS" signature="launchBrowser()[pri:0, instance:com.wipro.opencart.TC01Opencart@458ad742]" name="launchBrowser" is-config="true" duration-ms="20723" started-at="2018-02-15T12:01:31Z" finished-at="2018-02-15T12:01:52Z">
          <reporter-output>
          </reporter-output>
        </test-method> <!-- launchBrowser -->
        <test-method status="PASS" signature="ExcelPrinting(java.lang.String, java.lang.String, java.lang.String, java.lang.String, java.lang.String, java.lang.String, java.lang.String, java.lang.String, java.lang.String)[pri:0, instance:com.wipro.opencart.TC01Opencart@458ad742]" name="ExcelPrinting" duration-ms="4139" started-at="2018-02-15T12:01:53Z" data-provider="proauthen" finished-at="2018-02-15T12:01:57Z">
          <params>
            <param index="0">
              <value>
                <![CDATA[Demo51]]>
              </value>
            </param>
            <param index="1">
              <value>
                <![CDATA[User]]>
              </value>
            </param>
            <param index="2">
              <value>
                <![CDATA[Demo71.User@gmail.com]]>
              </value>
            </param>
            <param index="3">
              <value>
                <![CDATA[2664867867]]>
              </value>
            </param>
            <param index="4">
              <value>
                <![CDATA[abcd]]>
              </value>
            </param>
            <param index="5">
              <value>
                <![CDATA[Hyderabad]]>
              </value>
            </param>
            <param index="6">
              <value>
                <![CDATA[1111]]>
              </value>
            </param>
            <param index="7">
              <value>
                <![CDATA[Abc@123456]]>
              </value>
            </param>
            <param index="8">
              <value>
                <![CDATA[Abc@123456]]>
              </value>
            </param>
          </params>
          <reporter-output>
          </reporter-output>
        </test-method> <!-- ExcelPrinting -->
        <test-method status="PASS" signature="getResult(org.testng.ITestResult)[pri:0, instance:com.wipro.opencart.TC01Opencart@458ad742]" name="getResult" is-config="true" duration-ms="5" started-at="2018-02-15T12:01:57Z" finished-at="2018-02-15T12:01:57Z">
          <params>
            <param index="0">
              <value>
                <![CDATA[[TestResult name=ExcelPrinting status=SUCCESS method=TC01Opencart.ExcelPrinting(java.lang.String, java.lang.String, java.lang.String, java.lang.String, java.lang.String, java.lang.String, java.lang.String, java.lang.String, java.lang.String)[pri:0, instance:com.wipro.opencart.TC01Opencart@458ad742] output={null}]]]>
              </value>
            </param>
          </params>
          <reporter-output>
          </reporter-output>
        </test-method> <!-- getResult -->
        <test-method status="PASS" signature="SamsungTab()[pri:0, instance:com.wipro.opencart.TC01Opencart@458ad742]" name="SamsungTab" duration-ms="3975" started-at="2018-02-15T12:01:57Z" finished-at="2018-02-15T12:02:01Z">
          <reporter-output>
          </reporter-output>
        </test-method> <!-- SamsungTab -->
        <test-method status="PASS" signature="getResult(org.testng.ITestResult)[pri:0, instance:com.wipro.opencart.TC01Opencart@458ad742]" name="getResult" is-config="true" duration-ms="0" started-at="2018-02-15T12:02:01Z" finished-at="2018-02-15T12:02:01Z">
          <params>
            <param index="0">
              <value>
                <![CDATA[[TestResult name=SamsungTab status=SUCCESS method=TC01Opencart.SamsungTab()[pri:0, instance:com.wipro.opencart.TC01Opencart@458ad742] output={null}]]]>
              </value>
            </param>
          </params>
          <reporter-output>
          </reporter-output>
        </test-method> <!-- getResult -->
        <test-method status="PASS" signature="ReviewPrinting(java.lang.String, java.lang.String, java.lang.String)[pri:0, instance:com.wipro.opencart.TC01Opencart@458ad742]" name="ReviewPrinting" duration-ms="16780" started-at="2018-02-15T12:02:02Z" data-provider="Review" finished-at="2018-02-15T12:02:18Z">
          <params>
            <param index="0">
              <value>
                <![CDATA[DemoUser]]>
              </value>
            </param>
            <param index="1">
              <value>
                <![CDATA[This is a Demo]]>
              </value>
            </param>
            <param index="2">
              <value>
                <![CDATA[4]]>
              </value>
            </param>
          </params>
          <reporter-output>
          </reporter-output>
        </test-method> <!-- ReviewPrinting -->
        <test-method status="PASS" signature="getResult(org.testng.ITestResult)[pri:0, instance:com.wipro.opencart.TC01Opencart@458ad742]" name="getResult" is-config="true" duration-ms="0" started-at="2018-02-15T12:02:18Z" finished-at="2018-02-15T12:02:18Z">
          <params>
            <param index="0">
              <value>
                <![CDATA[[TestResult name=ReviewPrinting status=SUCCESS method=TC01Opencart.ReviewPrinting(java.lang.String, java.lang.String, java.lang.String)[pri:0, instance:com.wipro.opencart.TC01Opencart@458ad742] output={null}]]]>
              </value>
            </param>
          </params>
          <reporter-output>
          </reporter-output>
        </test-method> <!-- getResult -->
        <test-method status="PASS" signature="ReviewPrinting(java.lang.String, java.lang.String, java.lang.String)[pri:0, instance:com.wipro.opencart.TC01Opencart@458ad742]" name="ReviewPrinting" duration-ms="18282" started-at="2018-02-15T12:02:18Z" data-provider="Review" finished-at="2018-02-15T12:02:37Z">
          <params>
            <param index="0">
              <value>
                <![CDATA[DemoUser1]]>
              </value>
            </param>
            <param index="1">
              <value>
                <![CDATA[This is a Demo User.This is a Demo UserThis is a Demo UserThis is a Demo UserThis is a Demo UserThis is a Demo UserThis is a Demo UserThis is a Demo UserThis is a Demo UserThis is a Demo UserThis is a Demo 
 UserThis is a Demo 
 UserThis is a Demo 
 UserThis is a Demo 
 UserThis is a Demo ]]>
              </value>
            </param>
            <param index="2">
              <value>
                <![CDATA[2]]>
              </value>
            </param>
          </params>
          <reporter-output>
          </reporter-output>
        </test-method> <!-- ReviewPrinting -->
        <test-method status="PASS" signature="getResult(org.testng.ITestResult)[pri:0, instance:com.wipro.opencart.TC01Opencart@458ad742]" name="getResult" is-config="true" duration-ms="1" started-at="2018-02-15T12:02:37Z" finished-at="2018-02-15T12:02:37Z">
          <params>
            <param index="0">
              <value>
                <![CDATA[[TestResult name=ReviewPrinting status=SUCCESS method=TC01Opencart.ReviewPrinting(java.lang.String, java.lang.String, java.lang.String)[pri:0, instance:com.wipro.opencart.TC01Opencart@458ad742] output={null}]]]>
              </value>
            </param>
          </params>
          <reporter-output>
          </reporter-output>
        </test-method> <!-- getResult -->
        <test-method status="FAIL" signature="AddToCart()[pri:0, instance:com.wipro.opencart.TC01Opencart@458ad742]" name="AddToCart" duration-ms="42610" started-at="2018-02-15T12:02:37Z" finished-at="2018-02-15T12:03:19Z">
          <exception class="org.openqa.selenium.NoSuchElementException">
            <message>
              <![CDATA[no such element: Unable to locate element: {"method":"xpath","selector":".//*[@id='wishlist-row49']/tr/td[5]/div"}
  (Session info: chrome=64.0.3282.167)
  (Driver info: chromedriver=2.33.506120 (e3e53437346286c0bc2d2dc9aa4915ba81d9023f),platform=Windows NT 10.0.14393 x86_64) (WARNING: The server did not provide any stacktrace information)
Command duration or timeout: 30.06 seconds
For documentation on this error, please visit: http://seleniumhq.org/exceptions/no_such_element.html
Build info: version: '3.4.0', revision: 'unknown', time: 'unknown'
System info: host: 'D-184000435', ip: '10.159.34.70', os.name: 'Windows 10', os.arch: 'amd64', os.version: '10.0', java.version: '1.8.0_121'
Driver info: org.openqa.selenium.chrome.ChromeDriver
Capabilities [{applicationCacheEnabled=false, rotatable=false, mobileEmulationEnabled=false, networkConnectionEnabled=false, chrome={chromedriverVersion=2.33.506120 (e3e53437346286c0bc2d2dc9aa4915ba81d9023f), userDataDir=C:\Users\an247684\AppData\Local\Temp\scoped_dir8080_11611}, takesHeapSnapshot=true, pageLoadStrategy=normal, databaseEnabled=false, handlesAlerts=true, hasTouchScreen=false, version=64.0.3282.167, platform=XP, browserConnectionEnabled=false, nativeEvents=true, acceptSslCerts=true, locationContextEnabled=true, webStorageEnabled=true, browserName=chrome, takesScreenshot=true, javascriptEnabled=true, cssSelectorsEnabled=true, setWindowRect=true, unexpectedAlertBehaviour=}]
Session ID: f1fbe04f0c555493b112db29bbc01983
*** Element info: {Using=xpath, value=.//*[@id='wishlist-row49']/tr/td[5]/div}]]>
            </message>
            <full-stacktrace>
              <![CDATA[org.openqa.selenium.NoSuchElementException: no such element: Unable to locate element: {"method":"xpath","selector":".//*[@id='wishlist-row49']/tr/td[5]/div"}
  (Session info: chrome=64.0.3282.167)
  (Driver info: chromedriver=2.33.506120 (e3e53437346286c0bc2d2dc9aa4915ba81d9023f),platform=Windows NT 10.0.14393 x86_64) (WARNING: The server did not provide any stacktrace information)
Command duration or timeout: 30.06 seconds
For documentation on this error, please visit: http://seleniumhq.org/exceptions/no_such_element.html
Build info: version: '3.4.0', revision: 'unknown', time: 'unknown'
System info: host: 'D-184000435', ip: '10.159.34.70', os.name: 'Windows 10', os.arch: 'amd64', os.version: '10.0', java.version: '1.8.0_121'
Driver info: org.openqa.selenium.chrome.ChromeDriver
Capabilities [{applicationCacheEnabled=false, rotatable=false, mobileEmulationEnabled=false, networkConnectionEnabled=false, chrome={chromedriverVersion=2.33.506120 (e3e53437346286c0bc2d2dc9aa4915ba81d9023f), userDataDir=C:\Users\an247684\AppData\Local\Temp\scoped_dir8080_11611}, takesHeapSnapshot=true, pageLoadStrategy=normal, databaseEnabled=false, handlesAlerts=true, hasTouchScreen=false, version=64.0.3282.167, platform=XP, browserConnectionEnabled=false, nativeEvents=true, acceptSslCerts=true, locationContextEnabled=true, webStorageEnabled=true, browserName=chrome, takesScreenshot=true, javascriptEnabled=true, cssSelectorsEnabled=true, setWindowRect=true, unexpectedAlertBehaviour=}]
Session ID: f1fbe04f0c555493b112db29bbc01983
*** Element info: {Using=xpath, value=.//*[@id='wishlist-row49']/tr/td[5]/div}
	at sun.reflect.NativeConstructorAccessorImpl.newInstance0(Native Method)
	at sun.reflect.NativeConstructorAccessorImpl.newInstance(NativeConstructorAccessorImpl.java:62)
	at sun.reflect.DelegatingConstructorAccessorImpl.newInstance(DelegatingConstructorAccessorImpl.java:45)
	at java.lang.reflect.Constructor.newInstance(Constructor.java:423)
	at org.openqa.selenium.remote.ErrorHandler.createThrowable(ErrorHandler.java:215)
	at org.openqa.selenium.remote.ErrorHandler.throwIfResponseFailed(ErrorHandler.java:167)
	at org.openqa.selenium.remote.RemoteWebDriver.execute(RemoteWebDriver.java:671)
	at org.openqa.selenium.remote.RemoteWebDriver.findElement(RemoteWebDriver.java:410)
	at org.openqa.selenium.remote.RemoteWebDriver.findElementByXPath(RemoteWebDriver.java:509)
	at org.openqa.selenium.By$ByXPath.findElement(By.java:361)
	at org.openqa.selenium.remote.RemoteWebDriver.findElement(RemoteWebDriver.java:402)
	at com.wipro.opencart.TC01Opencart.AddToCart(TC01Opencart.java:284)
	at sun.reflect.NativeMethodAccessorImpl.invoke0(Native Method)
	at sun.reflect.NativeMethodAccessorImpl.invoke(NativeMethodAccessorImpl.java:62)
	at sun.reflect.DelegatingMethodAccessorImpl.invoke(DelegatingMethodAccessorImpl.java:43)
	at java.lang.reflect.Method.invoke(Method.java:498)
	at org.testng.internal.MethodInvocationHelper.invokeMethod(MethodInvocationHelper.java:80)
	at org.testng.internal.Invoker.invokeMethod(Invoker.java:714)
	at org.testng.internal.Invoker.invokeTestMethod(Invoker.java:901)
	at org.testng.internal.Invoker.invokeTestMethods(Invoker.java:1231)
	at org.testng.internal.TestMethodWorker.invokeTestMethods(TestMethodWorker.java:127)
	at org.testng.internal.TestMethodWorker.run(TestMethodWorker.java:111)
	at org.testng.TestRunner.privateRun(TestRunner.java:767)
	at org.testng.TestRunner.run(TestRunner.java:617)
	at org.testng.SuiteRunner.runTest(SuiteRunner.java:334)
	at org.testng.SuiteRunner.runSequentially(SuiteRunner.java:329)
	at org.testng.SuiteRunner.privateRun(SuiteRunner.java:291)
	at org.testng.SuiteRunner.run(SuiteRunner.java:240)
	at org.testng.SuiteRunnerWorker.runSuite(SuiteRunnerWorker.java:52)
	at org.testng.SuiteRunnerWorker.run(SuiteRunnerWorker.java:86)
	at org.testng.TestNG.runSuitesSequentially(TestNG.java:1198)
	at org.testng.TestNG.runSuitesLocally(TestNG.java:1123)
	at org.testng.TestNG.run(TestNG.java:1031)
	at org.apache.maven.surefire.testng.TestNGExecutor.run(TestNGExecutor.java:283)
	at org.apache.maven.surefire.testng.TestNGXmlTestSuite.execute(TestNGXmlTestSuite.java:75)
	at org.apache.maven.surefire.testng.TestNGProvider.invoke(TestNGProvider.java:120)
	at org.apache.maven.surefire.booter.ForkedBooter.invokeProviderInSameClassLoader(ForkedBooter.java:373)
	at org.apache.maven.surefire.booter.ForkedBooter.runSuitesInProcess(ForkedBooter.java:334)
	at org.apache.maven.surefire.booter.ForkedBooter.execute(ForkedBooter.java:119)
	at org.apache.maven.surefire.booter.ForkedBooter.main(ForkedBooter.java:407)
]]>
            </full-stacktrace>
          </exception> <!-- org.openqa.selenium.NoSuchElementException -->
          <reporter-output>
          </reporter-output>
        </test-method> <!-- AddToCart -->
        <test-method status="FAIL" signature="Logout()[pri:0, instance:com.wipro.opencart.TC01Opencart@458ad742]" name="Logout" is-config="true" duration-ms="0" started-at="2018-02-15T12:03:19Z" finished-at="2018-02-15T12:03:19Z">
          <exception class="org.openqa.selenium.NoSuchElementException">
            <message>
              <![CDATA[no such element: Unable to locate element: {"method":"link text","selector":"Logout"}
  (Session info: chrome=64.0.3282.167)
  (Driver info: chromedriver=2.33.506120 (e3e53437346286c0bc2d2dc9aa4915ba81d9023f),platform=Windows NT 10.0.14393 x86_64) (WARNING: The server did not provide any stacktrace information)
Command duration or timeout: 30.02 seconds
For documentation on this error, please visit: http://seleniumhq.org/exceptions/no_such_element.html
Build info: version: '3.4.0', revision: 'unknown', time: 'unknown'
System info: host: 'D-184000435', ip: '10.159.34.70', os.name: 'Windows 10', os.arch: 'amd64', os.version: '10.0', java.version: '1.8.0_121'
Driver info: org.openqa.selenium.chrome.ChromeDriver
Capabilities [{applicationCacheEnabled=false, rotatable=false, mobileEmulationEnabled=false, networkConnectionEnabled=false, chrome={chromedriverVersion=2.33.506120 (e3e53437346286c0bc2d2dc9aa4915ba81d9023f), userDataDir=C:\Users\an247684\AppData\Local\Temp\scoped_dir8080_11611}, takesHeapSnapshot=true, pageLoadStrategy=normal, databaseEnabled=false, handlesAlerts=true, hasTouchScreen=false, version=64.0.3282.167, platform=XP, browserConnectionEnabled=false, nativeEvents=true, acceptSslCerts=true, locationContextEnabled=true, webStorageEnabled=true, browserName=chrome, takesScreenshot=true, javascriptEnabled=true, cssSelectorsEnabled=true, setWindowRect=true, unexpectedAlertBehaviour=}]
Session ID: f1fbe04f0c555493b112db29bbc01983
*** Element info: {Using=link text, value=Logout}]]>
            </message>
            <full-stacktrace>
              <![CDATA[org.openqa.selenium.NoSuchElementException: no such element: Unable to locate element: {"method":"link text","selector":"Logout"}
  (Session info: chrome=64.0.3282.167)
  (Driver info: chromedriver=2.33.506120 (e3e53437346286c0bc2d2dc9aa4915ba81d9023f),platform=Windows NT 10.0.14393 x86_64) (WARNING: The server did not provide any stacktrace information)
Command duration or timeout: 30.02 seconds
For documentation on this error, please visit: http://seleniumhq.org/exceptions/no_such_element.html
Build info: version: '3.4.0', revision: 'unknown', time: 'unknown'
System info: host: 'D-184000435', ip: '10.159.34.70', os.name: 'Windows 10', os.arch: 'amd64', os.version: '10.0', java.version: '1.8.0_121'
Driver info: org.openqa.selenium.chrome.ChromeDriver
Capabilities [{applicationCacheEnabled=false, rotatable=false, mobileEmulationEnabled=false, networkConnectionEnabled=false, chrome={chromedriverVersion=2.33.506120 (e3e53437346286c0bc2d2dc9aa4915ba81d9023f), userDataDir=C:\Users\an247684\AppData\Local\Temp\scoped_dir8080_11611}, takesHeapSnapshot=true, pageLoadStrategy=normal, databaseEnabled=false, handlesAlerts=true, hasTouchScreen=false, version=64.0.3282.167, platform=XP, browserConnectionEnabled=false, nativeEvents=true, acceptSslCerts=true, locationContextEnabled=true, webStorageEnabled=true, browserName=chrome, takesScreenshot=true, javascriptEnabled=true, cssSelectorsEnabled=true, setWindowRect=true, unexpectedAlertBehaviour=}]
Session ID: f1fbe04f0c555493b112db29bbc01983
*** Element info: {Using=link text, value=Logout}
	at sun.reflect.NativeConstructorAccessorImpl.newInstance0(Native Method)
	at sun.reflect.NativeConstructorAccessorImpl.newInstance(NativeConstructorAccessorImpl.java:62)
	at sun.reflect.DelegatingConstructorAccessorImpl.newInstance(DelegatingConstructorAccessorImpl.java:45)
	at java.lang.reflect.Constructor.newInstance(Constructor.java:423)
	at org.openqa.selenium.remote.ErrorHandler.createThrowable(ErrorHandler.java:215)
	at org.openqa.selenium.remote.ErrorHandler.throwIfResponseFailed(ErrorHandler.java:167)
	at org.openqa.selenium.remote.RemoteWebDriver.execute(RemoteWebDriver.java:671)
	at org.openqa.selenium.remote.RemoteWebDriver.findElement(RemoteWebDriver.java:410)
	at org.openqa.selenium.remote.RemoteWebDriver.findElementByLinkText(RemoteWebDriver.java:461)
	at org.openqa.selenium.By$ByLinkText.findElement(By.java:246)
	at org.openqa.selenium.remote.RemoteWebDriver.findElement(RemoteWebDriver.java:402)
	at com.wipro.opencart.TC01Opencart.Logout(TC01Opencart.java:324)
	at sun.reflect.NativeMethodAccessorImpl.invoke0(Native Method)
	at sun.reflect.NativeMethodAccessorImpl.invoke(NativeMethodAccessorImpl.java:62)
	at sun.reflect.DelegatingMethodAccessorImpl.invoke(DelegatingMethodAccessorImpl.java:43)
	at java.lang.reflect.Method.invoke(Method.java:498)
	at org.testng.internal.MethodInvocationHelper.invokeMethod(MethodInvocationHelper.java:80)
	at org.testng.internal.Invoker.invokeConfigurationMethod(Invoker.java:564)
	at org.testng.internal.Invoker.invokeConfigurations(Invoker.java:213)
	at org.testng.internal.Invoker.invokeConfigurations(Invoker.java:138)
	at org.testng.internal.TestMethodWorker.invokeAfterClassMethods(TestMethodWorker.java:225)
	at org.testng.internal.TestMethodWorker.run(TestMethodWorker.java:114)
	at org.testng.TestRunner.privateRun(TestRunner.java:767)
	at org.testng.TestRunner.run(TestRunner.java:617)
	at org.testng.SuiteRunner.runTest(SuiteRunner.java:334)
	at org.testng.SuiteRunner.runSequentially(SuiteRunner.java:329)
	at org.testng.SuiteRunner.privateRun(SuiteRunner.java:291)
	at org.testng.SuiteRunner.run(SuiteRunner.java:240)
	at org.testng.SuiteRunnerWorker.runSuite(SuiteRunnerWorker.java:52)
	at org.testng.SuiteRunnerWorker.run(SuiteRunnerWorker.java:86)
	at org.testng.TestNG.runSuitesSequentially(TestNG.java:1198)
	at org.testng.TestNG.runSuitesLocally(TestNG.java:1123)
	at org.testng.TestNG.run(TestNG.java:1031)
	at org.apache.maven.surefire.testng.TestNGExecutor.run(TestNGExecutor.java:283)
	at org.apache.maven.surefire.testng.TestNGXmlTestSuite.execute(TestNGXmlTestSuite.java:75)
	at org.apache.maven.surefire.testng.TestNGProvider.invoke(TestNGProvider.java:120)
	at org.apache.maven.surefire.booter.ForkedBooter.invokeProviderInSameClassLoader(ForkedBooter.java:373)
	at org.apache.maven.surefire.booter.ForkedBooter.runSuitesInProcess(ForkedBooter.java:334)
	at org.apache.maven.surefire.booter.ForkedBooter.execute(ForkedBooter.java:119)
	at org.apache.maven.surefire.booter.ForkedBooter.main(ForkedBooter.java:407)
]]>
            </full-stacktrace>
          </exception> <!-- org.openqa.selenium.NoSuchElementException -->
          <reporter-output>
          </reporter-output>
        </test-method> <!-- Logout -->
        <test-method status="PASS" signature="getResult(org.testng.ITestResult)[pri:0, instance:com.wipro.opencart.TC01Opencart@458ad742]" name="getResult" is-config="true" duration-ms="0" started-at="2018-02-15T12:03:19Z" finished-at="2018-02-15T12:03:19Z">
          <params>
            <param index="0">
              <value>
                <![CDATA[[TestResult name=AddToCart status=FAILURE method=TC01Opencart.AddToCart()[pri:0, instance:com.wipro.opencart.TC01Opencart@458ad742] output={null}]]]>
              </value>
            </param>
          </params>
          <reporter-output>
          </reporter-output>
        </test-method> <!-- getResult -->
        <test-method status="SKIP" signature="endReport()[pri:0, instance:com.wipro.opencart.TC01Opencart@458ad742]" name="endReport" is-config="true" duration-ms="0" started-at="2018-02-15T12:03:49Z" finished-at="2018-02-15T12:03:49Z">
          <reporter-output>
          </reporter-output>
        </test-method> <!-- endReport -->
      </class> <!-- com.wipro.opencart.TC01Opencart -->
    </test> <!-- Test -->
  </suite> <!-- Suite -->
</testng-results>
